[2025-03-20 11:31:09] INFO [src.preprocess:93] 전처리 파이프라인 초기화
[2025-03-20 11:31:09] INFO [src.preprocess:100] 컬럼별 전처리 설정: {'age': {'type': 'numeric', 'handling': 'standard_scale'}, 'gender': {'type': 'categorical', 'handling': 'one_hot'}, 'breed': {'type': 'categorical', 'handling': 'one_hot'}, 'neutralized': {'type': 'categorical', 'handling': 'one_hot'}, 'weight': {'type': 'numeric', 'handling': 'standard_scale'}}
[2025-03-20 11:31:09] INFO [src.preprocess:135] 컬럼 'age' 파이프라인 구성: [('imputer', SimpleImputer()), ('scaler', StandardScaler())]
[2025-03-20 11:31:09] INFO [src.preprocess:135] 컬럼 'gender' 파이프라인 구성: [('imputer', SimpleImputer(fill_value='unknown', strategy='constant')), ('encoder', OneHotEncoder(handle_unknown='ignore', sparse_output=False))]
[2025-03-20 11:31:09] INFO [src.preprocess:135] 컬럼 'breed' 파이프라인 구성: [('imputer', SimpleImputer(fill_value='unknown', strategy='constant')), ('encoder', OneHotEncoder(handle_unknown='ignore', sparse_output=False))]
[2025-03-20 11:31:09] INFO [src.preprocess:135] 컬럼 'neutralized' 파이프라인 구성: [('imputer', SimpleImputer(fill_value='unknown', strategy='constant')), ('encoder', OneHotEncoder(handle_unknown='ignore', sparse_output=False))]
[2025-03-20 11:31:09] INFO [src.preprocess:135] 컬럼 'weight' 파이프라인 구성: [('imputer', SimpleImputer()), ('scaler', StandardScaler())]
[2025-03-20 11:31:09] INFO [src.preprocess:143] 전처리 파이프라인 구성 완료
[2025-03-20 11:31:09] INFO [src.preprocess:146] 전처리 파이프라인 학습 시작
[2025-03-20 11:31:09] INFO [src.preprocess:151] 전처리 파이프라인 학습 완료
[2025-03-20 11:31:09] INFO [src.preprocess:155] 데이터 변환 시작
[2025-03-20 11:31:09] INFO [src.preprocess:160] 데이터 변환 완료
[2025-03-20 11:31:09] INFO [src.preprocess:155] 데이터 변환 시작
[2025-03-20 11:31:09] INFO [src.preprocess:160] 데이터 변환 완료
[2025-03-20 11:31:09] INFO [src.preprocess:167] 파이프라인 저장: results/light_gbm_regression_serving_20250320_113109
[2025-03-20 12:29:41] INFO [src.preprocess:94] 전처리 파이프라인 초기화
[2025-03-20 12:29:41] INFO [src.preprocess:101] 컬럼별 전처리 설정: {'age': {'type': 'numeric', 'handling': 'standard_scale'}, 'gender': {'type': 'categorical', 'handling': 'one_hot'}, 'breed': {'type': 'categorical', 'handling': 'one_hot'}, 'neutralized': {'type': 'categorical', 'handling': 'one_hot'}, 'weight': {'type': 'numeric', 'handling': 'standard_scale'}}
[2025-03-20 12:29:41] INFO [src.preprocess:134] 컬럼 'age' 파이프라인 구성: [('imputer', SimpleImputer())]
[2025-03-20 12:29:41] INFO [src.preprocess:134] 컬럼 'weight' 파이프라인 구성: [('imputer', SimpleImputer())]
[2025-03-20 12:29:41] INFO [src.preprocess:142] 전처리 파이프라인 구성 완료
[2025-03-20 12:29:41] INFO [src.preprocess:145] 전처리 파이프라인 학습 시작
[2025-03-20 12:29:41] INFO [src.preprocess:156] 전처리 파이프라인 학습 완료
[2025-03-20 12:29:41] INFO [src.preprocess:160] 데이터 변환 시작
[2025-03-20 12:29:41] INFO [src.preprocess:170] 데이터 변환 완료
[2025-03-20 12:29:41] INFO [src.preprocess:160] 데이터 변환 시작
[2025-03-20 12:29:41] INFO [src.preprocess:170] 데이터 변환 완료
[2025-03-20 12:29:42] INFO [src.preprocess:177] 파이프라인 저장: results/light_gbm_regression_serving_20250320_122941
[2025-03-20 12:51:38] INFO [src.preprocess:194] 전처리 파이프라인 초기화
[2025-03-20 12:51:38] INFO [src.preprocess:231] 전처리 파이프라인 학습 시작
[2025-03-20 12:56:08] INFO [src.preprocess:197] 전처리 파이프라인 초기화
[2025-03-20 12:56:08] INFO [src.preprocess:249] 전처리 파이프라인 학습 시작
[2025-03-20 12:58:37] INFO [src.preprocess:221] 전처리 파이프라인 초기화
[2025-03-20 12:58:37] INFO [src.preprocess:273] 전처리 파이프라인 학습 시작
[2025-03-20 13:01:42] INFO [src.preprocess:196] 전처리 파이프라인 초기화
[2025-03-20 13:01:42] INFO [src.preprocess:247] 전처리 파이프라인 학습 시작
[2025-03-20 13:01:56] INFO [src.preprocess:196] 전처리 파이프라인 초기화
[2025-03-20 13:01:56] INFO [src.preprocess:247] 전처리 파이프라인 학습 시작
[2025-03-20 13:02:52] INFO [src.preprocess:196] 전처리 파이프라인 초기화
[2025-03-20 13:02:52] INFO [src.preprocess:257] 전처리 파이프라인 학습 시작
[2025-03-20 13:03:50] INFO [src.preprocess:196] 전처리 파이프라인 초기화
[2025-03-20 13:03:51] INFO [src.preprocess:255] 전처리 파이프라인 학습 시작
[2025-03-20 13:04:28] INFO [src.preprocess:200] 전처리 파이프라인 초기화
[2025-03-20 13:04:28] INFO [src.preprocess:259] 전처리 파이프라인 학습 시작
[2025-03-20 13:06:15] INFO [src.preprocess:200] 전처리 파이프라인 초기화
[2025-03-20 13:06:15] INFO [src.preprocess:259] 전처리 파이프라인 학습 시작
[2025-03-20 15:35:52] INFO [src.preprocess:21] 전처리 파이프라인 초기화
[2025-03-20 15:36:16] INFO [src.preprocess:21] 전처리 파이프라인 초기화
[2025-03-20 15:36:16] INFO [src.preprocess:75] 전처리 파이프라인 학습 시작
[2025-03-20 15:36:16] INFO [src.preprocess:79] 전처리 파이프라인 학습 완료
[2025-03-20 15:36:16] INFO [src.preprocess:83] 데이터 변환 시작
[2025-03-20 15:36:16] INFO [src.preprocess:87] 데이터 변환 완료
[2025-03-20 15:36:16] INFO [src.preprocess:83] 데이터 변환 시작
[2025-03-20 15:36:16] INFO [src.preprocess:87] 데이터 변환 완료
[2025-03-20 15:36:16] INFO [src.preprocess:94] 파이프라인 저장: results/light_gbm_regression_serving_20250320_153616
