[2025-03-19 10:35:05] INFO [src.models.preprocess:74] 전처리 파이프라인 초기화
[2025-03-19 10:35:05] INFO [src.models.preprocess:81] 컬럼별 전처리 설정: {}
[2025-03-19 10:35:05] INFO [src.models.preprocess:124] 전처리 파이프라인 구성 완료
[2025-03-19 10:38:43] INFO [src.models.preprocess:74] 전처리 파이프라인 초기화
[2025-03-19 10:38:43] INFO [src.models.preprocess:81] 컬럼별 전처리 설정: {}
[2025-03-19 10:38:43] INFO [src.models.preprocess:124] 전처리 파이프라인 구성 완료
[2025-03-19 10:39:35] INFO [src.models.preprocess:74] 전처리 파이프라인 초기화
[2025-03-19 10:39:35] INFO [src.models.preprocess:81] 컬럼별 전처리 설정: {}
[2025-03-19 10:39:35] INFO [src.models.preprocess:124] 전처리 파이프라인 구성 완료
[2025-03-19 10:41:42] INFO [src.models.preprocess:74] 전처리 파이프라인 초기화
[2025-03-19 10:41:42] INFO [src.models.preprocess:81] 컬럼별 전처리 설정: {}
[2025-03-19 10:41:42] INFO [src.models.preprocess:124] 전처리 파이프라인 구성 완료
[2025-03-19 10:41:42] INFO [src.models.preprocess:127] 전처리 파이프라인 학습 시작
[2025-03-19 10:41:42] INFO [src.models.preprocess:132] 전처리 파이프라인 학습 완료
[2025-03-19 10:41:42] INFO [src.models.preprocess:136] 데이터 변환 시작
[2025-03-19 10:41:42] INFO [src.models.preprocess:141] 데이터 변환 완료
[2025-03-19 10:41:42] INFO [src.models.preprocess:136] 데이터 변환 시작
[2025-03-19 10:41:42] INFO [src.models.preprocess:141] 데이터 변환 완료
[2025-03-19 10:44:19] INFO [src.models.preprocess:74] 전처리 파이프라인 초기화
[2025-03-19 10:44:19] INFO [src.models.preprocess:81] 컬럼별 전처리 설정: {}
[2025-03-19 10:44:19] INFO [src.models.preprocess:124] 전처리 파이프라인 구성 완료
[2025-03-19 10:44:19] INFO [src.models.preprocess:127] 전처리 파이프라인 학습 시작
[2025-03-19 10:44:19] INFO [src.models.preprocess:132] 전처리 파이프라인 학습 완료
[2025-03-19 10:44:19] INFO [src.models.preprocess:136] 데이터 변환 시작
[2025-03-19 10:44:19] INFO [src.models.preprocess:141] 데이터 변환 완료
[2025-03-19 10:44:19] INFO [src.models.preprocess:136] 데이터 변환 시작
[2025-03-19 10:44:19] INFO [src.models.preprocess:141] 데이터 변환 완료
[2025-03-19 10:47:03] INFO [src.models.preprocess:74] 전처리 파이프라인 초기화
[2025-03-19 10:47:03] INFO [src.models.preprocess:81] 컬럼별 전처리 설정: {}
[2025-03-19 10:47:03] INFO [src.models.preprocess:124] 전처리 파이프라인 구성 완료
[2025-03-19 10:47:03] INFO [src.models.preprocess:127] 전처리 파이프라인 학습 시작
[2025-03-19 10:47:03] INFO [src.models.preprocess:132] 전처리 파이프라인 학습 완료
[2025-03-19 10:47:03] INFO [src.models.preprocess:136] 데이터 변환 시작
[2025-03-19 10:47:03] INFO [src.models.preprocess:141] 데이터 변환 완료
[2025-03-19 10:47:03] INFO [src.models.preprocess:136] 데이터 변환 시작
[2025-03-19 10:47:03] INFO [src.models.preprocess:141] 데이터 변환 완료
[2025-03-19 10:48:13] INFO [src.models.preprocess:74] 전처리 파이프라인 초기화
[2025-03-19 10:48:13] INFO [src.models.preprocess:81] 컬럼별 전처리 설정: {}
[2025-03-19 10:48:13] INFO [src.models.preprocess:124] 전처리 파이프라인 구성 완료
[2025-03-19 10:48:13] INFO [src.models.preprocess:127] 전처리 파이프라인 학습 시작
[2025-03-19 10:48:13] INFO [src.models.preprocess:132] 전처리 파이프라인 학습 완료
[2025-03-19 10:48:13] INFO [src.models.preprocess:136] 데이터 변환 시작
[2025-03-19 10:48:13] INFO [src.models.preprocess:141] 데이터 변환 완료
[2025-03-19 10:48:13] INFO [src.models.preprocess:136] 데이터 변환 시작
[2025-03-19 10:48:13] INFO [src.models.preprocess:141] 데이터 변환 완료
[2025-03-19 11:07:22] INFO [src.models.preprocess:74] 전처리 파이프라인 초기화
[2025-03-19 11:07:22] INFO [src.models.preprocess:81] 컬럼별 전처리 설정: {}
[2025-03-19 11:07:22] INFO [src.models.preprocess:124] 전처리 파이프라인 구성 완료
[2025-03-19 11:07:22] INFO [src.models.preprocess:127] 전처리 파이프라인 학습 시작
[2025-03-19 11:07:22] INFO [src.models.preprocess:132] 전처리 파이프라인 학습 완료
[2025-03-19 11:07:22] INFO [src.models.preprocess:136] 데이터 변환 시작
[2025-03-19 11:07:22] INFO [src.models.preprocess:141] 데이터 변환 완료
[2025-03-19 11:07:22] INFO [src.models.preprocess:136] 데이터 변환 시작
[2025-03-19 11:07:22] INFO [src.models.preprocess:141] 데이터 변환 완료
[2025-03-19 11:11:12] INFO [src.models.preprocess:74] 전처리 파이프라인 초기화
[2025-03-19 11:11:12] INFO [src.models.preprocess:81] 컬럼별 전처리 설정: {}
[2025-03-19 11:11:12] INFO [src.models.preprocess:124] 전처리 파이프라인 구성 완료
[2025-03-19 11:11:12] INFO [src.models.preprocess:127] 전처리 파이프라인 학습 시작
[2025-03-19 11:11:12] INFO [src.models.preprocess:132] 전처리 파이프라인 학습 완료
[2025-03-19 11:11:12] INFO [src.models.preprocess:136] 데이터 변환 시작
[2025-03-19 11:11:12] INFO [src.models.preprocess:141] 데이터 변환 완료
[2025-03-19 11:11:12] INFO [src.models.preprocess:136] 데이터 변환 시작
[2025-03-19 11:11:12] INFO [src.models.preprocess:141] 데이터 변환 완료
[2025-03-19 11:19:25] INFO [src.models.preprocess:74] 전처리 파이프라인 초기화
[2025-03-19 11:19:25] INFO [src.models.preprocess:81] 컬럼별 전처리 설정: {}
[2025-03-19 11:19:25] INFO [src.models.preprocess:124] 전처리 파이프라인 구성 완료
[2025-03-19 11:19:25] INFO [src.models.preprocess:127] 전처리 파이프라인 학습 시작
[2025-03-19 11:19:25] INFO [src.models.preprocess:132] 전처리 파이프라인 학습 완료
[2025-03-19 11:19:25] INFO [src.models.preprocess:136] 데이터 변환 시작
[2025-03-19 11:19:25] INFO [src.models.preprocess:141] 데이터 변환 완료
[2025-03-19 11:19:25] INFO [src.models.preprocess:136] 데이터 변환 시작
[2025-03-19 11:19:25] INFO [src.models.preprocess:141] 데이터 변환 완료
[2025-03-19 11:23:32] INFO [src.models.preprocess:74] 전처리 파이프라인 초기화
[2025-03-19 11:23:32] INFO [src.models.preprocess:81] 컬럼별 전처리 설정: {}
[2025-03-19 11:23:32] INFO [src.models.preprocess:124] 전처리 파이프라인 구성 완료
[2025-03-19 11:23:32] INFO [src.models.preprocess:127] 전처리 파이프라인 학습 시작
[2025-03-19 11:23:32] INFO [src.models.preprocess:132] 전처리 파이프라인 학습 완료
[2025-03-19 11:23:32] INFO [src.models.preprocess:136] 데이터 변환 시작
[2025-03-19 11:23:32] INFO [src.models.preprocess:141] 데이터 변환 완료
[2025-03-19 11:23:32] INFO [src.models.preprocess:136] 데이터 변환 시작
[2025-03-19 11:23:32] INFO [src.models.preprocess:141] 데이터 변환 완료
